<?xml version="1.0" encoding="UTF-8"?>
<!-- Generated by org.testng.reporters.JUnitReportReporter -->
<testsuite skipped="2" hostname="DESKTOP-LV83N80" name="jenkins_test.LoginPage_jenkinsTest" tests="3" failures="0" timestamp="2022-01-14T19:08:31 CST" time="2.262" errors="1">
  <testcase name="loginTest" time="0.000" classname="jenkins_test.LoginPage_jenkinsTest">
    <skipped/>
  </testcase> <!-- loginTest -->
  <system-out/>
  <testcase name="setUp" time="2.262" classname="jenkins_test.LoginPage_jenkinsTest">
    <error type="org.openqa.selenium.SessionNotCreatedException" message="session not created: This version of ChromeDriver only supports Chrome version 95
Current browser version is 97.0.4692.71 with binary path C:\Program Files\Google\Chrome\Application\chrome.exe
Build info: version: &#039;3.14.0&#039;, revision: &#039;aacccce0&#039;, time: &#039;2018-08-02T20:19:58.91Z&#039;
System info: host: &#039;DESKTOP-LV83N80&#039;, ip: &#039;192.168.217.1&#039;, os.name: &#039;Windows 10&#039;, os.arch: &#039;amd64&#039;, os.version: &#039;10.0&#039;, java.version: &#039;1.8.0_301&#039;
Driver info: driver.version: ChromeDriver
remote stacktrace: Backtrace:
	Ordinal0 [0x007E3AB3+2505395]
	Ordinal0 [0x0077AE41+2076225]
	Ordinal0 [0x00682498+1057944]
	Ordinal0 [0x006A0841+1181761]
	Ordinal0 [0x0069C64B+1164875]
	Ordinal0 [0x00699EBF+1154751]
	Ordinal0 [0x006CA02F+1351727]
	Ordinal0 [0x006C9C9A+1350810]
	Ordinal0 [0x006C58BB+1333435]
	Ordinal0 [0x006A23E4+1188836]
	Ordinal0 [0x006A323F+1192511]
	GetHandleVerifier [0x0096CB36+1554566]
	GetHandleVerifier [0x00A14A0C+2242396]
	GetHandleVerifier [0x00870E0B+523099]
	GetHandleVerifier [0x0086FEB0+519168]
	Ordinal0 [0x007802FD+2097917]
	Ordinal0 [0x00784388+2114440]
	Ordinal0 [0x007844C2+2114754]
	Ordinal0 [0x0078E041+2154561]
	BaseThreadInitThunk [0x75C2FA29+25]
	RtlGetAppContainerNamedObjectPath [0x76F37A9E+286]
	RtlGetAppContainerNamedObjectPath [0x76F37A6E+238]
">
      <![CDATA[org.openqa.selenium.SessionNotCreatedException: session not created: This version of ChromeDriver only supports Chrome version 95
Current browser version is 97.0.4692.71 with binary path C:\Program Files\Google\Chrome\Application\chrome.exe
Build info: version: '3.14.0', revision: 'aacccce0', time: '2018-08-02T20:19:58.91Z'
System info: host: 'DESKTOP-LV83N80', ip: '192.168.217.1', os.name: 'Windows 10', os.arch: 'amd64', os.version: '10.0', java.version: '1.8.0_301'
Driver info: driver.version: ChromeDriver
remote stacktrace: Backtrace:
Ordinal0 [0x007E3AB3+2505395]
Ordinal0 [0x0077AE41+2076225]
Ordinal0 [0x00682498+1057944]
Ordinal0 [0x006A0841+1181761]
Ordinal0 [0x0069C64B+1164875]
Ordinal0 [0x00699EBF+1154751]
Ordinal0 [0x006CA02F+1351727]
Ordinal0 [0x006C9C9A+1350810]
Ordinal0 [0x006C58BB+1333435]
Ordinal0 [0x006A23E4+1188836]
Ordinal0 [0x006A323F+1192511]
GetHandleVerifier [0x0096CB36+1554566]
GetHandleVerifier [0x00A14A0C+2242396]
GetHandleVerifier [0x00870E0B+523099]
GetHandleVerifier [0x0086FEB0+519168]
Ordinal0 [0x007802FD+2097917]
Ordinal0 [0x00784388+2114440]
Ordinal0 [0x007844C2+2114754]
Ordinal0 [0x0078E041+2154561]
BaseThreadInitThunk [0x75C2FA29+25]
RtlGetAppContainerNamedObjectPath [0x76F37A9E+286]
RtlGetAppContainerNamedObjectPath [0x76F37A6E+238]

at sun.reflect.NativeConstructorAccessorImpl.newInstance0(Native Method)
at sun.reflect.NativeConstructorAccessorImpl.newInstance(NativeConstructorAccessorImpl.java:62)
at sun.reflect.DelegatingConstructorAccessorImpl.newInstance(DelegatingConstructorAccessorImpl.java:45)
at java.lang.reflect.Constructor.newInstance(Constructor.java:423)
at org.openqa.selenium.remote.W3CHandshakeResponse.lambda$new$0(W3CHandshakeResponse.java:57)
at org.openqa.selenium.remote.W3CHandshakeResponse.lambda$getResponseFunction$2(W3CHandshakeResponse.java:104)
at org.openqa.selenium.remote.ProtocolHandshake.lambda$createSession$0(ProtocolHandshake.java:122)
at java.util.stream.ReferencePipeline$3$1.accept(ReferencePipeline.java:193)
at java.util.Spliterators$ArraySpliterator.tryAdvance(Spliterators.java:958)
at java.util.stream.ReferencePipeline.forEachWithCancel(ReferencePipeline.java:126)
at java.util.stream.AbstractPipeline.copyIntoWithCancel(AbstractPipeline.java:499)
at java.util.stream.AbstractPipeline.copyInto(AbstractPipeline.java:486)
at java.util.stream.AbstractPipeline.wrapAndCopyInto(AbstractPipeline.java:472)
at java.util.stream.FindOps$FindOp.evaluateSequential(FindOps.java:152)
at java.util.stream.AbstractPipeline.evaluate(AbstractPipeline.java:234)
at java.util.stream.ReferencePipeline.findFirst(ReferencePipeline.java:464)
at org.openqa.selenium.remote.ProtocolHandshake.createSession(ProtocolHandshake.java:125)
at org.openqa.selenium.remote.ProtocolHandshake.createSession(ProtocolHandshake.java:73)
at org.openqa.selenium.remote.HttpCommandExecutor.execute(HttpCommandExecutor.java:136)
at org.openqa.selenium.remote.service.DriverCommandExecutor.execute(DriverCommandExecutor.java:83)
at org.openqa.selenium.remote.RemoteWebDriver.execute(RemoteWebDriver.java:548)
at org.openqa.selenium.remote.RemoteWebDriver.startSession(RemoteWebDriver.java:212)
at org.openqa.selenium.remote.RemoteWebDriver.<init>(RemoteWebDriver.java:130)
at org.openqa.selenium.chrome.ChromeDriver.<init>(ChromeDriver.java:181)
at org.openqa.selenium.chrome.ChromeDriver.<init>(ChromeDriver.java:168)
at org.openqa.selenium.chrome.ChromeDriver.<init>(ChromeDriver.java:123)
at jenkine_pages.TestBase.initDriver(TestBase.java:22)
at jenkins_test.LoginPage_jenkinsTest.setUp(LoginPage_jenkinsTest.java:18)
at sun.reflect.NativeMethodAccessorImpl.invoke0(Native Method)
at sun.reflect.NativeMethodAccessorImpl.invoke(NativeMethodAccessorImpl.java:62)
at sun.reflect.DelegatingMethodAccessorImpl.invoke(DelegatingMethodAccessorImpl.java:43)
at java.lang.reflect.Method.invoke(Method.java:498)
at org.testng.internal.MethodInvocationHelper.invokeMethod(MethodInvocationHelper.java:133)
at org.testng.internal.MethodInvocationHelper.invokeMethodConsideringTimeout(MethodInvocationHelper.java:62)
at org.testng.internal.ConfigInvoker.invokeConfigurationMethod(ConfigInvoker.java:385)
at org.testng.internal.ConfigInvoker.invokeConfigurations(ConfigInvoker.java:321)
at org.testng.internal.TestInvoker.runConfigMethods(TestInvoker.java:700)
at org.testng.internal.TestInvoker.invokeMethod(TestInvoker.java:527)
at org.testng.internal.TestInvoker.invokeTestMethod(TestInvoker.java:173)
at org.testng.internal.MethodRunner.runInSequence(MethodRunner.java:46)
at org.testng.internal.TestInvoker$MethodInvocationAgent.invoke(TestInvoker.java:824)
at org.testng.internal.TestInvoker.invokeTestMethods(TestInvoker.java:146)
at org.testng.internal.TestMethodWorker.invokeTestMethods(TestMethodWorker.java:146)
at org.testng.internal.TestMethodWorker.run(TestMethodWorker.java:128)
at java.util.ArrayList.forEach(ArrayList.java:1259)
at org.testng.TestRunner.privateRun(TestRunner.java:794)
at org.testng.TestRunner.run(TestRunner.java:596)
at org.testng.SuiteRunner.runTest(SuiteRunner.java:377)
at org.testng.SuiteRunner.runSequentially(SuiteRunner.java:371)
at org.testng.SuiteRunner.privateRun(SuiteRunner.java:332)
at org.testng.SuiteRunner.run(SuiteRunner.java:276)
at org.testng.SuiteRunnerWorker.runSuite(SuiteRunnerWorker.java:53)
at org.testng.SuiteRunnerWorker.run(SuiteRunnerWorker.java:96)
at org.testng.TestNG.runSuitesSequentially(TestNG.java:1212)
at org.testng.TestNG.runSuitesLocally(TestNG.java:1134)
at org.testng.TestNG.runSuites(TestNG.java:1063)
at org.testng.TestNG.run(TestNG.java:1031)
at org.testng.remote.AbstractRemoteTestNG.run(AbstractRemoteTestNG.java:115)
at org.testng.remote.RemoteTestNG.initAndRun(RemoteTestNG.java:251)
at org.testng.remote.RemoteTestNG.main(RemoteTestNG.java:77)
]]>
    </error>
  </testcase> <!-- setUp -->
  <system-out/>
  <testcase name="pageTitleTest" time="0.000" classname="jenkins_test.LoginPage_jenkinsTest">
    <skipped/>
  </testcase> <!-- pageTitleTest -->
  <system-out/>
</testsuite> <!-- jenkins_test.LoginPage_jenkinsTest -->
